0 info it worked if it ends with ok
1 verbose cli [ 'C:\\Program Files\\Programmation\\nodejs\\node.exe',
1 verbose cli   'C:\\Program Files\\Programmation\\nodejs\\node_modules\\npm\\bin\\npm-cli.js',
1 verbose cli   'install',
1 verbose cli   'mongoose-unique-validator' ]
2 info using npm@2.14.7
3 info using node@v4.2.2
4 verbose install initial load of C:\Users\Julie\git\thesis\package.json
5 verbose installManyTop reading scoped package data from C:\Users\Julie\git\thesis\node_modules\async\package.json
6 verbose installManyTop reading scoped package data from C:\Users\Julie\git\thesis\node_modules\body-parser\package.json
7 verbose installManyTop reading scoped package data from C:\Users\Julie\git\thesis\node_modules\consolidate\package.json
8 verbose installManyTop reading scoped package data from C:\Users\Julie\git\thesis\node_modules\ejs\package.json
9 verbose installManyTop reading scoped package data from C:\Users\Julie\git\thesis\node_modules\express\package.json
10 verbose installManyTop reading scoped package data from C:\Users\Julie\git\thesis\node_modules\fs\package.json
11 verbose installManyTop reading scoped package data from C:\Users\Julie\git\thesis\node_modules\mongoose\package.json
12 verbose installManyTop reading scoped package data from C:\Users\Julie\git\thesis\node_modules\underscore\package.json
13 info package.json fs@0.0.2 fs is also the name of a node core module.
14 info package.json fs@0.0.2 No description
15 info package.json fs@0.0.2 No repository field.
16 info package.json mongoose@3.6.20 No license field.
17 info package.json consolidate@0.9.1 No repository field.
18 info package.json consolidate@0.9.1 No license field.
19 info package.json async@0.2.9 No license field.
20 verbose readDependencies loading dependencies from C:\Users\Julie\git\thesis\package.json
21 silly cache add args [ 'mongoose-unique-validator', null ]
22 verbose cache add spec mongoose-unique-validator
23 silly cache add parsed spec Result {
23 silly cache add   raw: 'mongoose-unique-validator',
23 silly cache add   scope: null,
23 silly cache add   name: 'mongoose-unique-validator',
23 silly cache add   rawSpec: '',
23 silly cache add   spec: '*',
23 silly cache add   type: 'range' }
24 silly addNamed mongoose-unique-validator@*
25 verbose addNamed "*" is a valid semver range for mongoose-unique-validator
26 silly addNameRange { name: 'mongoose-unique-validator', range: '*', hasData: false }
27 silly mapToRegistry name mongoose-unique-validator
28 silly mapToRegistry using default registry
29 silly mapToRegistry registry https://registry.npmjs.org/
30 silly mapToRegistry uri https://registry.npmjs.org/mongoose-unique-validator
31 verbose addNameRange registry:https://registry.npmjs.org/mongoose-unique-validator not in flight; fetching
32 verbose request uri https://registry.npmjs.org/mongoose-unique-validator
33 verbose request no auth needed
34 info attempt registry request try #1 at 21:44:12
35 verbose request id a049e16bf43cdf77
36 http request GET https://registry.npmjs.org/mongoose-unique-validator
37 http 200 https://registry.npmjs.org/mongoose-unique-validator
38 verbose headers { server: 'CouchDB/1.5.0 (Erlang OTP/R16B03)',
38 verbose headers   etag: '"41HJT57Z8DFTKEDIQG7PLXN78"',
38 verbose headers   'content-type': 'application/json',
38 verbose headers   'cache-control': 'max-age=300',
38 verbose headers   'content-length': '25406',
38 verbose headers   'accept-ranges': 'bytes',
38 verbose headers   date: 'Thu, 07 Apr 2016 19:44:14 GMT',
38 verbose headers   via: '1.1 varnish',
38 verbose headers   age: '0',
38 verbose headers   connection: 'keep-alive',
38 verbose headers   'x-served-by': 'cache-ams4123-AMS',
38 verbose headers   'x-cache': 'MISS',
38 verbose headers   'x-cache-hits': '0',
38 verbose headers   'x-timer': 'S1460058253.860011,VS0,VE178',
38 verbose headers   vary: 'Accept-Encoding' }
39 silly get cb [ 200,
39 silly get   { server: 'CouchDB/1.5.0 (Erlang OTP/R16B03)',
39 silly get     etag: '"41HJT57Z8DFTKEDIQG7PLXN78"',
39 silly get     'content-type': 'application/json',
39 silly get     'cache-control': 'max-age=300',
39 silly get     'content-length': '25406',
39 silly get     'accept-ranges': 'bytes',
39 silly get     date: 'Thu, 07 Apr 2016 19:44:14 GMT',
39 silly get     via: '1.1 varnish',
39 silly get     age: '0',
39 silly get     connection: 'keep-alive',
39 silly get     'x-served-by': 'cache-ams4123-AMS',
39 silly get     'x-cache': 'MISS',
39 silly get     'x-cache-hits': '0',
39 silly get     'x-timer': 'S1460058253.860011,VS0,VE178',
39 silly get     vary: 'Accept-Encoding' } ]
40 verbose get saving mongoose-unique-validator to C:\Users\Julie\AppData\Roaming\npm-cache\registry.npmjs.org\mongoose-unique-validator\.cache.json
41 silly addNameRange number 2 { name: 'mongoose-unique-validator', range: '*', hasData: true }
42 silly addNameRange versions [ 'mongoose-unique-validator',
42 silly addNameRange   [ '0.1.0',
42 silly addNameRange     '0.1.1',
42 silly addNameRange     '0.1.2',
42 silly addNameRange     '0.2.0',
42 silly addNameRange     '0.3.0',
42 silly addNameRange     '0.4.1',
42 silly addNameRange     '0.5.0',
42 silly addNameRange     '0.5.1',
42 silly addNameRange     '0.6.0',
42 silly addNameRange     '0.6.1',
42 silly addNameRange     '0.6.2',
42 silly addNameRange     '1.0.0',
42 silly addNameRange     '1.0.1',
42 silly addNameRange     '1.0.2' ] ]
43 silly addNamed mongoose-unique-validator@1.0.2
44 verbose addNamed "1.0.2" is a plain semver version for mongoose-unique-validator
45 silly mapToRegistry name mongoose-unique-validator
46 silly mapToRegistry using default registry
47 silly mapToRegistry registry https://registry.npmjs.org/
48 silly mapToRegistry uri https://registry.npmjs.org/mongoose-unique-validator
49 verbose addRemoteTarball https://registry.npmjs.org/mongoose-unique-validator/-/mongoose-unique-validator-1.0.2.tgz not in flight; adding
50 verbose addRemoteTarball [ 'https://registry.npmjs.org/mongoose-unique-validator/-/mongoose-unique-validator-1.0.2.tgz',
50 verbose addRemoteTarball   'f12bb892918bd95e19cb62beb3c00b044ab25ea0' ]
51 info retry fetch attempt 1 at 21:44:13
52 info attempt registry request try #1 at 21:44:13
53 http fetch GET https://registry.npmjs.org/mongoose-unique-validator/-/mongoose-unique-validator-1.0.2.tgz
54 http fetch 200 https://registry.npmjs.org/mongoose-unique-validator/-/mongoose-unique-validator-1.0.2.tgz
55 silly fetchAndShaCheck shasum f12bb892918bd95e19cb62beb3c00b044ab25ea0
56 verbose addTmpTarball C:\Users\Julie\AppData\Local\Temp\npm-4780-e6a421ac\registry.npmjs.org\mongoose-unique-validator\-\mongoose-unique-validator-1.0.2.tgz not in flight; adding
57 verbose addTmpTarball already have metadata; skipping unpack for mongoose-unique-validator@1.0.2
58 silly cache afterAdd mongoose-unique-validator@1.0.2
59 verbose afterAdd C:\Users\Julie\AppData\Roaming\npm-cache\mongoose-unique-validator\1.0.2\package\package.json not in flight; writing
60 verbose afterAdd C:\Users\Julie\AppData\Roaming\npm-cache\mongoose-unique-validator\1.0.2\package\package.json written
61 silly install resolved [ { name: 'mongoose-unique-validator',
61 silly install resolved     version: '1.0.2',
61 silly install resolved     description: 'mongoose-unique-validator is a plugin which adds pre-save validation for unique fields within a Mongoose schema.',
61 silly install resolved     main: 'index.js',
61 silly install resolved     scripts:
61 silly install resolved      { test: 'mocha test && ./node_modules/eslint/bin/eslint.js index.js test',
61 silly install resolved        lint: 'eslint index.js test' },
61 silly install resolved     keywords: [ 'mongoose', 'unique', 'validator' ],
61 silly install resolved     author:
61 silly install resolved      { name: 'Blake Haswell',
61 silly install resolved        email: 'haswell00@gmail.com',
61 silly install resolved        url: 'http://blakehaswell.com/' },
61 silly install resolved     contributors: [ [Object] ],
61 silly install resolved     license: 'MIT',
61 silly install resolved     repository:
61 silly install resolved      { type: 'git',
61 silly install resolved        url: 'git+https://github.com/blakehaswell/mongoose-unique-validator.git' },
61 silly install resolved     devDependencies:
61 silly install resolved      { bluebird: '^3.2.2',
61 silly install resolved        chai: '^3.3.0',
61 silly install resolved        eslint: '^1.6.0',
61 silly install resolved        mocha: '^2.3.3' },
61 silly install resolved     peerDependencies: { mongoose: '^4.2.8' },
61 silly install resolved     dependencies: { 'lodash.foreach': '^4.1.0', 'lodash.get': '^4.0.2' },
61 silly install resolved     gitHead: 'b5c675ee82536e1950d31f8c467c0f05853f13f6',
61 silly install resolved     bugs: { url: 'https://github.com/blakehaswell/mongoose-unique-validator/issues' },
61 silly install resolved     homepage: 'https://github.com/blakehaswell/mongoose-unique-validator#readme',
61 silly install resolved     _id: 'mongoose-unique-validator@1.0.2',
61 silly install resolved     _shasum: 'f12bb892918bd95e19cb62beb3c00b044ab25ea0',
61 silly install resolved     _from: 'mongoose-unique-validator@*',
61 silly install resolved     _npmVersion: '3.3.8',
61 silly install resolved     _nodeVersion: '4.2.1',
61 silly install resolved     _npmUser: { name: 'viveleroi', email: 'botsko@gmail.com' },
61 silly install resolved     dist:
61 silly install resolved      { shasum: 'f12bb892918bd95e19cb62beb3c00b044ab25ea0',
61 silly install resolved        tarball: 'https://registry.npmjs.org/mongoose-unique-validator/-/mongoose-unique-validator-1.0.2.tgz' },
61 silly install resolved     maintainers: [ [Object], [Object] ],
61 silly install resolved     _npmOperationalInternal:
61 silly install resolved      { host: 'packages-5-east.internal.npmjs.com',
61 silly install resolved        tmp: 'tmp/mongoose-unique-validator-1.0.2.tgz_1456503405127_0.050946819595992565' },
61 silly install resolved     directories: {},
61 silly install resolved     _resolved: 'https://registry.npmjs.org/mongoose-unique-validator/-/mongoose-unique-validator-1.0.2.tgz' } ]
62 info install mongoose-unique-validator@1.0.2 into C:\Users\Julie\git\thesis
63 info installOne mongoose-unique-validator@1.0.2
64 verbose installOne of mongoose-unique-validator to C:\Users\Julie\git\thesis not in flight; installing
65 verbose lock using C:\Users\Julie\AppData\Roaming\npm-cache\_locks\mongoose-unique-validato-198e06ff95f5f7c9.lock for C:\Users\Julie\git\thesis\node_modules\mongoose-unique-validator
66 silly install write writing mongoose-unique-validator 1.0.2 to C:\Users\Julie\git\thesis\node_modules\mongoose-unique-validator
67 verbose unbuild node_modules\mongoose-unique-validator
68 silly gentlyRm C:\Users\Julie\git\thesis\node_modules\mongoose-unique-validator is being purged from base C:\Users\Julie\git\thesis
69 verbose gentlyRm don't care about contents; nuking C:\Users\Julie\git\thesis\node_modules\mongoose-unique-validator
70 verbose tar unpack C:\Users\Julie\AppData\Roaming\npm-cache\mongoose-unique-validator\1.0.2\package.tgz
71 verbose tar unpacking to C:\Users\Julie\git\thesis\node_modules\mongoose-unique-validator
72 silly gentlyRm C:\Users\Julie\git\thesis\node_modules\mongoose-unique-validator is being purged
73 verbose gentlyRm don't care about contents; nuking C:\Users\Julie\git\thesis\node_modules\mongoose-unique-validator
74 silly gunzTarPerm modes [ '777', '666' ]
75 silly gunzTarPerm extractEntry package.json
76 silly gunzTarPerm modified mode [ 'package.json', 420, 438 ]
77 silly gunzTarPerm extractEntry .npmignore
78 silly gunzTarPerm modified mode [ '.npmignore', 420, 438 ]
79 silly gunzTarPerm extractEntry README.md
80 silly gunzTarPerm modified mode [ 'README.md', 420, 438 ]
81 silly gunzTarPerm extractEntry index.js
82 silly gunzTarPerm modified mode [ 'index.js', 420, 438 ]
83 silly gunzTarPerm extractEntry CONTRIBUTING.md
84 silly gunzTarPerm modified mode [ 'CONTRIBUTING.md', 420, 438 ]
85 silly gunzTarPerm extractEntry CHANGELOG.md
86 silly gunzTarPerm modified mode [ 'CHANGELOG.md', 420, 438 ]
87 silly gunzTarPerm extractEntry .eslintrc
88 silly gunzTarPerm modified mode [ '.eslintrc', 420, 438 ]
89 silly gunzTarPerm extractEntry .editorconfig
90 silly gunzTarPerm modified mode [ '.editorconfig', 420, 438 ]
91 silly gunzTarPerm extractEntry .travis.yml
92 silly gunzTarPerm modified mode [ '.travis.yml', 420, 438 ]
93 silly gunzTarPerm extractEntry test/helpers.js
94 silly gunzTarPerm modified mode [ 'test/helpers.js', 420, 438 ]
95 silly gunzTarPerm extractEntry test/index.spec.js
96 silly gunzTarPerm modified mode [ 'test/index.spec.js', 420, 438 ]
97 silly gunzTarPerm extractEntry test/tests/messages.spec.js
98 silly gunzTarPerm modified mode [ 'test/tests/messages.spec.js', 420, 438 ]
99 silly gunzTarPerm extractEntry test/tests/validation.spec.js
100 silly gunzTarPerm modified mode [ 'test/tests/validation.spec.js', 420, 438 ]
101 verbose write writing to C:\Users\Julie\git\thesis\node_modules\mongoose-unique-validator\package.json
102 info preinstall mongoose-unique-validator@1.0.2
103 verbose readDependencies loading dependencies from C:\Users\Julie\git\thesis\node_modules\mongoose-unique-validator\package.json
104 silly prepareForInstallMany adding lodash.foreach@^4.1.0 from mongoose-unique-validator dependencies
105 silly prepareForInstallMany adding lodash.get@^4.0.2 from mongoose-unique-validator dependencies
106 silly prepareForInstallMany adding mongoose@^4.2.8 from mongoose-unique-validator peerDependencies
107 warn peerDependencies The peer dependency mongoose@^4.2.8 included from mongoose-unique-validator will no
108 warn peerDependencies longer be automatically installed to fulfill the peerDependency
109 warn peerDependencies in npm 3+. Your application will need to depend on it explicitly.
110 verbose readDependencies loading dependencies from C:\Users\Julie\git\thesis\node_modules\mongoose-unique-validator\package.json
111 silly cache add args [ 'lodash.foreach@^4.1.0', null ]
112 verbose cache add spec lodash.foreach@^4.1.0
113 silly cache add args [ 'lodash.get@^4.0.2', null ]
114 verbose cache add spec lodash.get@^4.0.2
115 silly cache add parsed spec Result {
115 silly cache add   raw: 'lodash.foreach@^4.1.0',
115 silly cache add   scope: null,
115 silly cache add   name: 'lodash.foreach',
115 silly cache add   rawSpec: '^4.1.0',
115 silly cache add   spec: '>=4.1.0 <5.0.0',
115 silly cache add   type: 'range' }
116 silly addNamed lodash.foreach@>=4.1.0 <5.0.0
117 verbose addNamed ">=4.1.0 <5.0.0" is a valid semver range for lodash.foreach
118 silly addNameRange { name: 'lodash.foreach',
118 silly addNameRange   range: '>=4.1.0 <5.0.0',
118 silly addNameRange   hasData: false }
119 silly mapToRegistry name lodash.foreach
120 silly mapToRegistry using default registry
121 silly mapToRegistry registry https://registry.npmjs.org/
122 silly mapToRegistry uri https://registry.npmjs.org/lodash.foreach
123 verbose addNameRange registry:https://registry.npmjs.org/lodash.foreach not in flight; fetching
124 silly cache add parsed spec Result {
124 silly cache add   raw: 'lodash.get@^4.0.2',
124 silly cache add   scope: null,
124 silly cache add   name: 'lodash.get',
124 silly cache add   rawSpec: '^4.0.2',
124 silly cache add   spec: '>=4.0.2 <5.0.0',
124 silly cache add   type: 'range' }
125 silly addNamed lodash.get@>=4.0.2 <5.0.0
126 verbose addNamed ">=4.0.2 <5.0.0" is a valid semver range for lodash.get
127 silly addNameRange { name: 'lodash.get', range: '>=4.0.2 <5.0.0', hasData: false }
128 silly mapToRegistry name lodash.get
129 silly mapToRegistry using default registry
130 silly mapToRegistry registry https://registry.npmjs.org/
131 silly mapToRegistry uri https://registry.npmjs.org/lodash.get
132 verbose addNameRange registry:https://registry.npmjs.org/lodash.get not in flight; fetching
133 verbose request uri https://registry.npmjs.org/lodash.foreach
134 verbose request no auth needed
135 info attempt registry request try #1 at 21:44:13
136 http request GET https://registry.npmjs.org/lodash.foreach
137 verbose request uri https://registry.npmjs.org/lodash.get
138 verbose request no auth needed
139 info attempt registry request try #1 at 21:44:13
140 http request GET https://registry.npmjs.org/lodash.get
141 http 200 https://registry.npmjs.org/lodash.get
142 verbose headers { server: 'CouchDB/1.5.0 (Erlang OTP/R16B03)',
142 verbose headers   etag: '"2YQVWLDJXE3VT28KBT9Z64SS8"',
142 verbose headers   'content-type': 'application/json',
142 verbose headers   'content-encoding': 'gzip',
142 verbose headers   'cache-control': 'max-age=300',
142 verbose headers   'content-length': '2247',
142 verbose headers   'accept-ranges': 'bytes',
142 verbose headers   date: 'Thu, 07 Apr 2016 19:44:14 GMT',
142 verbose headers   via: '1.1 varnish',
142 verbose headers   age: '295',
142 verbose headers   connection: 'keep-alive',
142 verbose headers   'x-served-by': 'cache-ams4120-AMS',
142 verbose headers   'x-cache': 'HIT',
142 verbose headers   'x-cache-hits': '1',
142 verbose headers   'x-timer': 'S1460058254.681421,VS0,VE0',
142 verbose headers   vary: 'Accept-Encoding' }
143 silly get cb [ 200,
143 silly get   { server: 'CouchDB/1.5.0 (Erlang OTP/R16B03)',
143 silly get     etag: '"2YQVWLDJXE3VT28KBT9Z64SS8"',
143 silly get     'content-type': 'application/json',
143 silly get     'content-encoding': 'gzip',
143 silly get     'cache-control': 'max-age=300',
143 silly get     'content-length': '2247',
143 silly get     'accept-ranges': 'bytes',
143 silly get     date: 'Thu, 07 Apr 2016 19:44:14 GMT',
143 silly get     via: '1.1 varnish',
143 silly get     age: '295',
143 silly get     connection: 'keep-alive',
143 silly get     'x-served-by': 'cache-ams4120-AMS',
143 silly get     'x-cache': 'HIT',
143 silly get     'x-cache-hits': '1',
143 silly get     'x-timer': 'S1460058254.681421,VS0,VE0',
143 silly get     vary: 'Accept-Encoding' } ]
144 verbose get saving lodash.get to C:\Users\Julie\AppData\Roaming\npm-cache\registry.npmjs.org\lodash.get\.cache.json
145 http 200 https://registry.npmjs.org/lodash.foreach
146 verbose headers { server: 'CouchDB/1.5.0 (Erlang OTP/R16B03)',
146 verbose headers   etag: '"2999WLWF2ISFBTNRRCRYLD4NF"',
146 verbose headers   'content-type': 'application/json',
146 verbose headers   'content-encoding': 'gzip',
146 verbose headers   'cache-control': 'max-age=300',
146 verbose headers   'content-length': '3251',
146 verbose headers   'accept-ranges': 'bytes',
146 verbose headers   date: 'Thu, 07 Apr 2016 19:44:14 GMT',
146 verbose headers   via: '1.1 varnish',
146 verbose headers   age: '266',
146 verbose headers   connection: 'keep-alive',
146 verbose headers   'x-served-by': 'cache-ams4129-AMS',
146 verbose headers   'x-cache': 'HIT',
146 verbose headers   'x-cache-hits': '1',
146 verbose headers   'x-timer': 'S1460058254.681913,VS0,VE0',
146 verbose headers   vary: 'Accept-Encoding' }
147 silly get cb [ 200,
147 silly get   { server: 'CouchDB/1.5.0 (Erlang OTP/R16B03)',
147 silly get     etag: '"2999WLWF2ISFBTNRRCRYLD4NF"',
147 silly get     'content-type': 'application/json',
147 silly get     'content-encoding': 'gzip',
147 silly get     'cache-control': 'max-age=300',
147 silly get     'content-length': '3251',
147 silly get     'accept-ranges': 'bytes',
147 silly get     date: 'Thu, 07 Apr 2016 19:44:14 GMT',
147 silly get     via: '1.1 varnish',
147 silly get     age: '266',
147 silly get     connection: 'keep-alive',
147 silly get     'x-served-by': 'cache-ams4129-AMS',
147 silly get     'x-cache': 'HIT',
147 silly get     'x-cache-hits': '1',
147 silly get     'x-timer': 'S1460058254.681913,VS0,VE0',
147 silly get     vary: 'Accept-Encoding' } ]
148 verbose get saving lodash.foreach to C:\Users\Julie\AppData\Roaming\npm-cache\registry.npmjs.org\lodash.foreach\.cache.json
149 silly addNameRange number 2 { name: 'lodash.foreach',
149 silly addNameRange   range: '>=4.1.0 <5.0.0',
149 silly addNameRange   hasData: true }
150 silly addNameRange versions [ 'lodash.foreach',
150 silly addNameRange   [ '2.0.0',
150 silly addNameRange     '2.1.0',
150 silly addNameRange     '2.2.0',
150 silly addNameRange     '2.2.1',
150 silly addNameRange     '2.3.0',
150 silly addNameRange     '2.4.0',
150 silly addNameRange     '2.4.1',
150 silly addNameRange     '3.0.0',
150 silly addNameRange     '3.0.1',
150 silly addNameRange     '3.0.2',
150 silly addNameRange     '3.0.3',
150 silly addNameRange     '4.0.0',
150 silly addNameRange     '4.1.0',
150 silly addNameRange     '4.1.1',
150 silly addNameRange     '4.2.0' ] ]
151 silly addNamed lodash.foreach@4.2.0
152 verbose addNamed "4.2.0" is a plain semver version for lodash.foreach
153 silly mapToRegistry name lodash.foreach
154 silly mapToRegistry using default registry
155 silly mapToRegistry registry https://registry.npmjs.org/
156 silly mapToRegistry uri https://registry.npmjs.org/lodash.foreach
157 verbose addRemoteTarball https://registry.npmjs.org/lodash.foreach/-/lodash.foreach-4.2.0.tgz not in flight; adding
158 verbose addRemoteTarball [ 'https://registry.npmjs.org/lodash.foreach/-/lodash.foreach-4.2.0.tgz',
158 verbose addRemoteTarball   'ff1239b7a8d91b00001f1b2db3bf0bbfb15a2750' ]
159 silly addNameRange number 2 { name: 'lodash.get', range: '>=4.0.2 <5.0.0', hasData: true }
160 silly addNameRange versions [ 'lodash.get',
160 silly addNameRange   [ '3.7.0',
160 silly addNameRange     '4.0.0',
160 silly addNameRange     '4.0.1',
160 silly addNameRange     '4.0.2',
160 silly addNameRange     '4.1.0',
160 silly addNameRange     '4.1.1',
160 silly addNameRange     '4.1.2',
160 silly addNameRange     '4.2.0' ] ]
161 silly addNamed lodash.get@4.2.0
162 verbose addNamed "4.2.0" is a plain semver version for lodash.get
163 silly mapToRegistry name lodash.get
164 silly mapToRegistry using default registry
165 silly mapToRegistry registry https://registry.npmjs.org/
166 silly mapToRegistry uri https://registry.npmjs.org/lodash.get
167 verbose addRemoteTarball https://registry.npmjs.org/lodash.get/-/lodash.get-4.2.0.tgz not in flight; adding
168 verbose addRemoteTarball [ 'https://registry.npmjs.org/lodash.get/-/lodash.get-4.2.0.tgz',
168 verbose addRemoteTarball   'b3edefbc0f2629fb23c2b559cb4d6cc9f60c2a7f' ]
169 info retry fetch attempt 1 at 21:44:14
170 info attempt registry request try #1 at 21:44:14
171 http fetch GET https://registry.npmjs.org/lodash.foreach/-/lodash.foreach-4.2.0.tgz
172 info retry fetch attempt 1 at 21:44:14
173 info attempt registry request try #1 at 21:44:14
174 http fetch GET https://registry.npmjs.org/lodash.get/-/lodash.get-4.2.0.tgz
175 http fetch 200 https://registry.npmjs.org/lodash.foreach/-/lodash.foreach-4.2.0.tgz
176 silly fetchAndShaCheck shasum ff1239b7a8d91b00001f1b2db3bf0bbfb15a2750
177 verbose addTmpTarball C:\Users\Julie\AppData\Local\Temp\npm-4780-e6a421ac\registry.npmjs.org\lodash.foreach\-\lodash.foreach-4.2.0.tgz not in flight; adding
178 verbose addTmpTarball already have metadata; skipping unpack for lodash.foreach@4.2.0
179 http fetch 200 https://registry.npmjs.org/lodash.get/-/lodash.get-4.2.0.tgz
180 silly cache afterAdd lodash.foreach@4.2.0
181 verbose afterAdd C:\Users\Julie\AppData\Roaming\npm-cache\lodash.foreach\4.2.0\package\package.json not in flight; writing
182 silly fetchAndShaCheck shasum b3edefbc0f2629fb23c2b559cb4d6cc9f60c2a7f
183 verbose afterAdd C:\Users\Julie\AppData\Roaming\npm-cache\lodash.foreach\4.2.0\package\package.json written
184 verbose addTmpTarball C:\Users\Julie\AppData\Local\Temp\npm-4780-e6a421ac\registry.npmjs.org\lodash.get\-\lodash.get-4.2.0.tgz not in flight; adding
185 verbose addTmpTarball already have metadata; skipping unpack for lodash.get@4.2.0
186 silly cache afterAdd lodash.get@4.2.0
187 verbose afterAdd C:\Users\Julie\AppData\Roaming\npm-cache\lodash.get\4.2.0\package\package.json not in flight; writing
188 verbose afterAdd C:\Users\Julie\AppData\Roaming\npm-cache\lodash.get\4.2.0\package\package.json written
189 silly install resolved [ { name: 'lodash.foreach',
189 silly install resolved     version: '4.2.0',
189 silly install resolved     description: 'The lodash method `_.forEach` exported as a module.',
189 silly install resolved     homepage: 'https://lodash.com/',
189 silly install resolved     icon: 'https://lodash.com/icon.svg',
189 silly install resolved     license: 'MIT',
189 silly install resolved     keywords: [ 'lodash-modularized', 'foreach' ],
189 silly install resolved     author:
189 silly install resolved      { name: 'John-David Dalton',
189 silly install resolved        email: 'john.david.dalton@gmail.com',
189 silly install resolved        url: 'http://allyoucanleet.com/' },
189 silly install resolved     contributors: [ [Object], [Object], [Object] ],
189 silly install resolved     repository: { type: 'git', url: 'git+https://github.com/lodash/lodash.git' },
189 silly install resolved     scripts: { test: 'echo "See https://travis-ci.org/lodash/lodash-cli for testing details."' },
189 silly install resolved     dependencies:
189 silly install resolved      { 'lodash._baseeach': '~4.1.0',
189 silly install resolved        'lodash._baseiteratee': '~4.6.0' },
189 silly install resolved     bugs: { url: 'https://github.com/lodash/lodash/issues' },
189 silly install resolved     _id: 'lodash.foreach@4.2.0',
189 silly install resolved     _shasum: 'ff1239b7a8d91b00001f1b2db3bf0bbfb15a2750',
189 silly install resolved     _from: 'lodash.foreach@>=4.1.0 <5.0.0',
189 silly install resolved     _npmVersion: '2.15.2',
189 silly install resolved     _nodeVersion: '5.9.1',
189 silly install resolved     _npmUser: { name: 'jdalton', email: 'john.david.dalton@gmail.com' },
189 silly install resolved     dist:
189 silly install resolved      { shasum: 'ff1239b7a8d91b00001f1b2db3bf0bbfb15a2750',
189 silly install resolved        tarball: 'https://registry.npmjs.org/lodash.foreach/-/lodash.foreach-4.2.0.tgz' },
189 silly install resolved     maintainers: [ [Object], [Object], [Object] ],
189 silly install resolved     _npmOperationalInternal:
189 silly install resolved      { host: 'packages-12-west.internal.npmjs.com',
189 silly install resolved        tmp: 'tmp/lodash.foreach-4.2.0.tgz_1459655340593_0.8394864846486598' },
189 silly install resolved     directories: {},
189 silly install resolved     _resolved: 'https://registry.npmjs.org/lodash.foreach/-/lodash.foreach-4.2.0.tgz' },
189 silly install resolved   { name: 'lodash.get',
189 silly install resolved     version: '4.2.0',
189 silly install resolved     description: 'The lodash method `_.get` exported as a module.',
189 silly install resolved     homepage: 'https://lodash.com/',
189 silly install resolved     icon: 'https://lodash.com/icon.svg',
189 silly install resolved     license: 'MIT',
189 silly install resolved     keywords: [ 'lodash-modularized', 'get' ],
189 silly install resolved     author:
189 silly install resolved      { name: 'John-David Dalton',
189 silly install resolved        email: 'john.david.dalton@gmail.com',
189 silly install resolved        url: 'http://allyoucanleet.com/' },
189 silly install resolved     contributors: [ [Object], [Object], [Object] ],
189 silly install resolved     repository: { type: 'git', url: 'git+https://github.com/lodash/lodash.git' },
189 silly install resolved     scripts: { test: 'echo "See https://travis-ci.org/lodash/lodash-cli for testing details."' },
189 silly install resolved     dependencies: { 'lodash._stringtopath': '~4.7.0' },
189 silly install resolved     bugs: { url: 'https://github.com/lodash/lodash/issues' },
189 silly install resolved     _id: 'lodash.get@4.2.0',
189 silly install resolved     _shasum: 'b3edefbc0f2629fb23c2b559cb4d6cc9f60c2a7f',
189 silly install resolved     _from: 'lodash.get@>=4.0.2 <5.0.0',
189 silly install resolved     _npmVersion: '2.15.2',
189 silly install resolved     _nodeVersion: '5.9.1',
189 silly install resolved     _npmUser: { name: 'jdalton', email: 'john.david.dalton@gmail.com' },
189 silly install resolved     dist:
189 silly install resolved      { shasum: 'b3edefbc0f2629fb23c2b559cb4d6cc9f60c2a7f',
189 silly install resolved        tarball: 'https://registry.npmjs.org/lodash.get/-/lodash.get-4.2.0.tgz' },
189 silly install resolved     maintainers: [ [Object], [Object], [Object] ],
189 silly install resolved     _npmOperationalInternal:
189 silly install resolved      { host: 'packages-12-west.internal.npmjs.com',
189 silly install resolved        tmp: 'tmp/lodash.get-4.2.0.tgz_1459655354100_0.8729645137209445' },
189 silly install resolved     directories: {},
189 silly install resolved     _resolved: 'https://registry.npmjs.org/lodash.get/-/lodash.get-4.2.0.tgz' } ]
190 info install lodash.foreach@4.2.0 into C:\Users\Julie\git\thesis\node_modules\mongoose-unique-validator
191 info install lodash.get@4.2.0 into C:\Users\Julie\git\thesis\node_modules\mongoose-unique-validator
192 info installOne lodash.foreach@4.2.0
193 verbose installOne of lodash.foreach to C:\Users\Julie\git\thesis\node_modules\mongoose-unique-validator not in flight; installing
194 info installOne lodash.get@4.2.0
195 verbose installOne of lodash.get to C:\Users\Julie\git\thesis\node_modules\mongoose-unique-validator not in flight; installing
196 verbose lock using C:\Users\Julie\AppData\Roaming\npm-cache\_locks\lodash-foreach-a241a4455adc49db.lock for C:\Users\Julie\git\thesis\node_modules\mongoose-unique-validator\node_modules\lodash.foreach
197 verbose lock using C:\Users\Julie\AppData\Roaming\npm-cache\_locks\lodash-get-a46641742d47953a.lock for C:\Users\Julie\git\thesis\node_modules\mongoose-unique-validator\node_modules\lodash.get
198 silly install write writing lodash.foreach 4.2.0 to C:\Users\Julie\git\thesis\node_modules\mongoose-unique-validator\node_modules\lodash.foreach
199 silly install write writing lodash.get 4.2.0 to C:\Users\Julie\git\thesis\node_modules\mongoose-unique-validator\node_modules\lodash.get
200 verbose unbuild node_modules\mongoose-unique-validator\node_modules\lodash.foreach
201 verbose unbuild node_modules\mongoose-unique-validator\node_modules\lodash.get
202 silly gentlyRm C:\Users\Julie\git\thesis\node_modules\mongoose-unique-validator\node_modules\lodash.foreach is being purged from base C:\Users\Julie\git\thesis
203 verbose gentlyRm don't care about contents; nuking C:\Users\Julie\git\thesis\node_modules\mongoose-unique-validator\node_modules\lodash.foreach
204 verbose tar unpack C:\Users\Julie\AppData\Roaming\npm-cache\lodash.foreach\4.2.0\package.tgz
205 verbose tar unpacking to C:\Users\Julie\git\thesis\node_modules\mongoose-unique-validator\node_modules\lodash.foreach
206 silly gentlyRm C:\Users\Julie\git\thesis\node_modules\mongoose-unique-validator\node_modules\lodash.foreach is being purged
207 verbose gentlyRm don't care about contents; nuking C:\Users\Julie\git\thesis\node_modules\mongoose-unique-validator\node_modules\lodash.foreach
208 silly gentlyRm C:\Users\Julie\git\thesis\node_modules\mongoose-unique-validator\node_modules\lodash.get is being purged from base C:\Users\Julie\git\thesis
209 verbose gentlyRm don't care about contents; nuking C:\Users\Julie\git\thesis\node_modules\mongoose-unique-validator\node_modules\lodash.get
210 silly gunzTarPerm modes [ '777', '666' ]
211 verbose tar unpack C:\Users\Julie\AppData\Roaming\npm-cache\lodash.get\4.2.0\package.tgz
212 verbose tar unpacking to C:\Users\Julie\git\thesis\node_modules\mongoose-unique-validator\node_modules\lodash.get
213 silly gentlyRm C:\Users\Julie\git\thesis\node_modules\mongoose-unique-validator\node_modules\lodash.get is being purged
214 verbose gentlyRm don't care about contents; nuking C:\Users\Julie\git\thesis\node_modules\mongoose-unique-validator\node_modules\lodash.get
215 silly gunzTarPerm modes [ '777', '666' ]
216 silly gunzTarPerm extractEntry package.json
217 silly gunzTarPerm modified mode [ 'package.json', 420, 438 ]
218 silly gunzTarPerm extractEntry package.json
219 silly gunzTarPerm modified mode [ 'package.json', 420, 438 ]
220 silly gunzTarPerm extractEntry README.md
221 silly gunzTarPerm modified mode [ 'README.md', 420, 438 ]
222 silly gunzTarPerm extractEntry LICENSE
223 silly gunzTarPerm modified mode [ 'LICENSE', 420, 438 ]
224 silly gunzTarPerm extractEntry README.md
225 silly gunzTarPerm modified mode [ 'README.md', 420, 438 ]
226 silly gunzTarPerm extractEntry LICENSE
227 silly gunzTarPerm modified mode [ 'LICENSE', 420, 438 ]
228 silly gunzTarPerm extractEntry index.js
229 silly gunzTarPerm modified mode [ 'index.js', 420, 438 ]
230 silly gunzTarPerm extractEntry index.js
231 silly gunzTarPerm modified mode [ 'index.js', 420, 438 ]
232 verbose write writing to C:\Users\Julie\git\thesis\node_modules\mongoose-unique-validator\node_modules\lodash.get\package.json
233 verbose write writing to C:\Users\Julie\git\thesis\node_modules\mongoose-unique-validator\node_modules\lodash.foreach\package.json
234 info preinstall lodash.get@4.2.0
235 verbose readDependencies loading dependencies from C:\Users\Julie\git\thesis\node_modules\mongoose-unique-validator\node_modules\lodash.get\package.json
236 info preinstall lodash.foreach@4.2.0
237 verbose readDependencies loading dependencies from C:\Users\Julie\git\thesis\node_modules\mongoose-unique-validator\node_modules\lodash.foreach\package.json
238 silly prepareForInstallMany adding lodash._stringtopath@~4.7.0 from lodash.get dependencies
239 verbose readDependencies loading dependencies from C:\Users\Julie\git\thesis\node_modules\mongoose-unique-validator\node_modules\lodash.get\package.json
240 silly prepareForInstallMany adding lodash._baseeach@~4.1.0 from lodash.foreach dependencies
241 silly prepareForInstallMany adding lodash._baseiteratee@~4.6.0 from lodash.foreach dependencies
242 verbose readDependencies loading dependencies from C:\Users\Julie\git\thesis\node_modules\mongoose-unique-validator\node_modules\lodash.foreach\package.json
243 silly cache add args [ 'lodash._stringtopath@~4.7.0', null ]
244 verbose cache add spec lodash._stringtopath@~4.7.0
245 silly cache add parsed spec Result {
245 silly cache add   raw: 'lodash._stringtopath@~4.7.0',
245 silly cache add   scope: null,
245 silly cache add   name: 'lodash._stringtopath',
245 silly cache add   rawSpec: '~4.7.0',
245 silly cache add   spec: '>=4.7.0 <4.8.0',
245 silly cache add   type: 'range' }
246 silly addNamed lodash._stringtopath@>=4.7.0 <4.8.0
247 verbose addNamed ">=4.7.0 <4.8.0" is a valid semver range for lodash._stringtopath
248 silly addNameRange { name: 'lodash._stringtopath',
248 silly addNameRange   range: '>=4.7.0 <4.8.0',
248 silly addNameRange   hasData: false }
249 silly mapToRegistry name lodash._stringtopath
250 silly mapToRegistry using default registry
251 silly mapToRegistry registry https://registry.npmjs.org/
252 silly mapToRegistry uri https://registry.npmjs.org/lodash._stringtopath
253 verbose addNameRange registry:https://registry.npmjs.org/lodash._stringtopath not in flight; fetching
254 verbose request uri https://registry.npmjs.org/lodash._stringtopath
255 verbose request no auth needed
256 info attempt registry request try #1 at 21:44:14
257 http request GET https://registry.npmjs.org/lodash._stringtopath
258 silly cache add args [ 'lodash._baseeach@~4.1.0', null ]
259 verbose cache add spec lodash._baseeach@~4.1.0
260 silly cache add args [ 'lodash._baseiteratee@~4.6.0', null ]
261 verbose cache add spec lodash._baseiteratee@~4.6.0
262 silly cache add parsed spec Result {
262 silly cache add   raw: 'lodash._baseeach@~4.1.0',
262 silly cache add   scope: null,
262 silly cache add   name: 'lodash._baseeach',
262 silly cache add   rawSpec: '~4.1.0',
262 silly cache add   spec: '>=4.1.0 <4.2.0',
262 silly cache add   type: 'range' }
263 silly addNamed lodash._baseeach@>=4.1.0 <4.2.0
264 verbose addNamed ">=4.1.0 <4.2.0" is a valid semver range for lodash._baseeach
265 silly addNameRange { name: 'lodash._baseeach',
265 silly addNameRange   range: '>=4.1.0 <4.2.0',
265 silly addNameRange   hasData: false }
266 silly mapToRegistry name lodash._baseeach
267 silly mapToRegistry using default registry
268 silly mapToRegistry registry https://registry.npmjs.org/
269 silly mapToRegistry uri https://registry.npmjs.org/lodash._baseeach
270 verbose addNameRange registry:https://registry.npmjs.org/lodash._baseeach not in flight; fetching
271 silly cache add parsed spec Result {
271 silly cache add   raw: 'lodash._baseiteratee@~4.6.0',
271 silly cache add   scope: null,
271 silly cache add   name: 'lodash._baseiteratee',
271 silly cache add   rawSpec: '~4.6.0',
271 silly cache add   spec: '>=4.6.0 <4.7.0',
271 silly cache add   type: 'range' }
272 silly addNamed lodash._baseiteratee@>=4.6.0 <4.7.0
273 verbose addNamed ">=4.6.0 <4.7.0" is a valid semver range for lodash._baseiteratee
274 silly addNameRange { name: 'lodash._baseiteratee',
274 silly addNameRange   range: '>=4.6.0 <4.7.0',
274 silly addNameRange   hasData: false }
275 silly mapToRegistry name lodash._baseiteratee
276 silly mapToRegistry using default registry
277 silly mapToRegistry registry https://registry.npmjs.org/
278 silly mapToRegistry uri https://registry.npmjs.org/lodash._baseiteratee
279 verbose addNameRange registry:https://registry.npmjs.org/lodash._baseiteratee not in flight; fetching
280 verbose request uri https://registry.npmjs.org/lodash._baseeach
281 verbose request no auth needed
282 info attempt registry request try #1 at 21:44:14
283 http request GET https://registry.npmjs.org/lodash._baseeach
284 verbose request uri https://registry.npmjs.org/lodash._baseiteratee
285 verbose request no auth needed
286 info attempt registry request try #1 at 21:44:14
287 http request GET https://registry.npmjs.org/lodash._baseiteratee
288 http 200 https://registry.npmjs.org/lodash._baseeach
289 verbose headers { server: 'CouchDB/1.5.0 (Erlang OTP/R16B03)',
289 verbose headers   etag: '"CJCFD5FL8Y40GTZ2PWJO82BE"',
289 verbose headers   'content-type': 'application/json',
289 verbose headers   'content-encoding': 'gzip',
289 verbose headers   'cache-control': 'max-age=300',
289 verbose headers   'content-length': '2505',
289 verbose headers   'accept-ranges': 'bytes',
289 verbose headers   date: 'Thu, 07 Apr 2016 19:44:14 GMT',
289 verbose headers   via: '1.1 varnish',
289 verbose headers   age: '43',
289 verbose headers   connection: 'keep-alive',
289 verbose headers   'x-served-by': 'cache-ams4129-AMS',
289 verbose headers   'x-cache': 'HIT',
289 verbose headers   'x-cache-hits': '1',
289 verbose headers   'x-timer': 'S1460058254.980203,VS0,VE0',
289 verbose headers   vary: 'Accept-Encoding' }
290 silly get cb [ 200,
290 silly get   { server: 'CouchDB/1.5.0 (Erlang OTP/R16B03)',
290 silly get     etag: '"CJCFD5FL8Y40GTZ2PWJO82BE"',
290 silly get     'content-type': 'application/json',
290 silly get     'content-encoding': 'gzip',
290 silly get     'cache-control': 'max-age=300',
290 silly get     'content-length': '2505',
290 silly get     'accept-ranges': 'bytes',
290 silly get     date: 'Thu, 07 Apr 2016 19:44:14 GMT',
290 silly get     via: '1.1 varnish',
290 silly get     age: '43',
290 silly get     connection: 'keep-alive',
290 silly get     'x-served-by': 'cache-ams4129-AMS',
290 silly get     'x-cache': 'HIT',
290 silly get     'x-cache-hits': '1',
290 silly get     'x-timer': 'S1460058254.980203,VS0,VE0',
290 silly get     vary: 'Accept-Encoding' } ]
291 verbose get saving lodash._baseeach to C:\Users\Julie\AppData\Roaming\npm-cache\registry.npmjs.org\lodash._baseeach\.cache.json
292 silly addNameRange number 2 { name: 'lodash._baseeach',
292 silly addNameRange   range: '>=4.1.0 <4.2.0',
292 silly addNameRange   hasData: true }
293 silly addNameRange versions [ 'lodash._baseeach',
293 silly addNameRange   [ '3.0.0',
293 silly addNameRange     '3.0.1',
293 silly addNameRange     '3.0.2',
293 silly addNameRange     '3.0.3',
293 silly addNameRange     '3.0.4',
293 silly addNameRange     '4.0.0',
293 silly addNameRange     '4.0.1',
293 silly addNameRange     '4.0.2',
293 silly addNameRange     '4.1.0',
293 silly addNameRange     '4.1.1',
293 silly addNameRange     '4.1.2' ] ]
294 silly addNamed lodash._baseeach@4.1.2
295 verbose addNamed "4.1.2" is a plain semver version for lodash._baseeach
296 silly mapToRegistry name lodash._baseeach
297 silly mapToRegistry using default registry
298 silly mapToRegistry registry https://registry.npmjs.org/
299 silly mapToRegistry uri https://registry.npmjs.org/lodash._baseeach
300 verbose addRemoteTarball https://registry.npmjs.org/lodash._baseeach/-/lodash._baseeach-4.1.2.tgz not in flight; adding
301 verbose addRemoteTarball [ 'https://registry.npmjs.org/lodash._baseeach/-/lodash._baseeach-4.1.2.tgz',
301 verbose addRemoteTarball   '0b70613f3f750ddb4c09a9b3ebbcb7bbb4038e8d' ]
302 info retry fetch attempt 1 at 21:44:14
303 info attempt registry request try #1 at 21:44:14
304 http fetch GET https://registry.npmjs.org/lodash._baseeach/-/lodash._baseeach-4.1.2.tgz
305 http fetch 200 https://registry.npmjs.org/lodash._baseeach/-/lodash._baseeach-4.1.2.tgz
306 silly fetchAndShaCheck shasum 0b70613f3f750ddb4c09a9b3ebbcb7bbb4038e8d
307 verbose addTmpTarball C:\Users\Julie\AppData\Local\Temp\npm-4780-e6a421ac\registry.npmjs.org\lodash._baseeach\-\lodash._baseeach-4.1.2.tgz not in flight; adding
308 verbose addTmpTarball already have metadata; skipping unpack for lodash._baseeach@4.1.2
309 silly cache afterAdd lodash._baseeach@4.1.2
310 verbose afterAdd C:\Users\Julie\AppData\Roaming\npm-cache\lodash._baseeach\4.1.2\package\package.json not in flight; writing
311 verbose afterAdd C:\Users\Julie\AppData\Roaming\npm-cache\lodash._baseeach\4.1.2\package\package.json written
312 http 200 https://registry.npmjs.org/lodash._stringtopath
313 verbose headers { server: 'CouchDB/1.5.0 (Erlang OTP/R16B03)',
313 verbose headers   etag: '"B1OSPWCP8PZUHM7LHGKIQPBZE"',
313 verbose headers   'content-type': 'application/json',
313 verbose headers   'cache-control': 'max-age=300',
313 verbose headers   'content-length': '3111',
313 verbose headers   'accept-ranges': 'bytes',
313 verbose headers   date: 'Thu, 07 Apr 2016 19:44:15 GMT',
313 verbose headers   via: '1.1 varnish',
313 verbose headers   age: '0',
313 verbose headers   connection: 'keep-alive',
313 verbose headers   'x-served-by': 'cache-ams4142-AMS',
313 verbose headers   'x-cache': 'HIT',
313 verbose headers   'x-cache-hits': '1',
313 verbose headers   'x-timer': 'S1460058254.962720,VS0,VE385',
313 verbose headers   vary: 'Accept-Encoding' }
314 silly get cb [ 200,
314 silly get   { server: 'CouchDB/1.5.0 (Erlang OTP/R16B03)',
314 silly get     etag: '"B1OSPWCP8PZUHM7LHGKIQPBZE"',
314 silly get     'content-type': 'application/json',
314 silly get     'cache-control': 'max-age=300',
314 silly get     'content-length': '3111',
314 silly get     'accept-ranges': 'bytes',
314 silly get     date: 'Thu, 07 Apr 2016 19:44:15 GMT',
314 silly get     via: '1.1 varnish',
314 silly get     age: '0',
314 silly get     connection: 'keep-alive',
314 silly get     'x-served-by': 'cache-ams4142-AMS',
314 silly get     'x-cache': 'HIT',
314 silly get     'x-cache-hits': '1',
314 silly get     'x-timer': 'S1460058254.962720,VS0,VE385',
314 silly get     vary: 'Accept-Encoding' } ]
315 verbose get saving lodash._stringtopath to C:\Users\Julie\AppData\Roaming\npm-cache\registry.npmjs.org\lodash._stringtopath\.cache.json
316 silly addNameRange number 2 { name: 'lodash._stringtopath',
316 silly addNameRange   range: '>=4.7.0 <4.8.0',
316 silly addNameRange   hasData: true }
317 silly addNameRange versions [ 'lodash._stringtopath', [ '4.7.0' ] ]
318 silly addNamed lodash._stringtopath@4.7.0
319 verbose addNamed "4.7.0" is a plain semver version for lodash._stringtopath
320 silly mapToRegistry name lodash._stringtopath
321 silly mapToRegistry using default registry
322 silly mapToRegistry registry https://registry.npmjs.org/
323 silly mapToRegistry uri https://registry.npmjs.org/lodash._stringtopath
324 verbose addRemoteTarball https://registry.npmjs.org/lodash._stringtopath/-/lodash._stringtopath-4.7.0.tgz not in flight; adding
325 verbose addRemoteTarball [ 'https://registry.npmjs.org/lodash._stringtopath/-/lodash._stringtopath-4.7.0.tgz',
325 verbose addRemoteTarball   '0d5b16f5c22331dc25b6feb3144c8530eb0d0109' ]
326 info retry fetch attempt 1 at 21:44:14
327 info attempt registry request try #1 at 21:44:14
328 http fetch GET https://registry.npmjs.org/lodash._stringtopath/-/lodash._stringtopath-4.7.0.tgz
329 http fetch 200 https://registry.npmjs.org/lodash._stringtopath/-/lodash._stringtopath-4.7.0.tgz
330 silly fetchAndShaCheck shasum 0d5b16f5c22331dc25b6feb3144c8530eb0d0109
331 verbose addTmpTarball C:\Users\Julie\AppData\Local\Temp\npm-4780-e6a421ac\registry.npmjs.org\lodash._stringtopath\-\lodash._stringtopath-4.7.0.tgz not in flight; adding
332 verbose addTmpTarball already have metadata; skipping unpack for lodash._stringtopath@4.7.0
333 silly cache afterAdd lodash._stringtopath@4.7.0
334 verbose afterAdd C:\Users\Julie\AppData\Roaming\npm-cache\lodash._stringtopath\4.7.0\package\package.json not in flight; writing
335 verbose afterAdd C:\Users\Julie\AppData\Roaming\npm-cache\lodash._stringtopath\4.7.0\package\package.json written
336 silly install resolved [ { name: 'lodash._stringtopath',
336 silly install resolved     version: '4.7.0',
336 silly install resolved     description: 'The internal lodash function `stringToPath` exported as a module.',
336 silly install resolved     homepage: 'https://lodash.com/',
336 silly install resolved     icon: 'https://lodash.com/icon.svg',
336 silly install resolved     license: 'MIT',
336 silly install resolved     author:
336 silly install resolved      { name: 'John-David Dalton',
336 silly install resolved        email: 'john.david.dalton@gmail.com',
336 silly install resolved        url: 'http://allyoucanleet.com/' },
336 silly install resolved     contributors: [ [Object], [Object], [Object] ],
336 silly install resolved     repository: { type: 'git', url: 'git+https://github.com/lodash/lodash.git' },
336 silly install resolved     scripts: { test: 'echo "See https://travis-ci.org/lodash/lodash-cli for testing details."' },
336 silly install resolved     bugs: { url: 'https://github.com/lodash/lodash/issues' },
336 silly install resolved     _id: 'lodash._stringtopath@4.7.0',
336 silly install resolved     _shasum: '0d5b16f5c22331dc25b6feb3144c8530eb0d0109',
336 silly install resolved     _from: 'lodash._stringtopath@>=4.7.0 <4.8.0',
336 silly install resolved     _npmVersion: '2.15.2',
336 silly install resolved     _nodeVersion: '5.9.1',
336 silly install resolved     _npmUser: { name: 'jdalton', email: 'john.david.dalton@gmail.com' },
336 silly install resolved     dist:
336 silly install resolved      { shasum: '0d5b16f5c22331dc25b6feb3144c8530eb0d0109',
336 silly install resolved        tarball: 'https://registry.npmjs.org/lodash._stringtopath/-/lodash._stringtopath-4.7.0.tgz' },
336 silly install resolved     maintainers: [ [Object] ],
336 silly install resolved     _npmOperationalInternal:
336 silly install resolved      { host: 'packages-12-west.internal.npmjs.com',
336 silly install resolved        tmp: 'tmp/lodash._stringtopath-4.7.0.tgz_1459655238642_0.0859016696922481' },
336 silly install resolved     directories: {},
336 silly install resolved     _resolved: 'https://registry.npmjs.org/lodash._stringtopath/-/lodash._stringtopath-4.7.0.tgz' } ]
337 info install lodash._stringtopath@4.7.0 into C:\Users\Julie\git\thesis\node_modules\mongoose-unique-validator\node_modules\lodash.get
338 info installOne lodash._stringtopath@4.7.0
339 verbose installOne of lodash._stringtopath to C:\Users\Julie\git\thesis\node_modules\mongoose-unique-validator\node_modules\lodash.get not in flight; installing
340 verbose lock using C:\Users\Julie\AppData\Roaming\npm-cache\_locks\lodash-stringtopath-7120999939327c95.lock for C:\Users\Julie\git\thesis\node_modules\mongoose-unique-validator\node_modules\lodash.get\node_modules\lodash._stringtopath
341 silly install write writing lodash._stringtopath 4.7.0 to C:\Users\Julie\git\thesis\node_modules\mongoose-unique-validator\node_modules\lodash.get\node_modules\lodash._stringtopath
342 verbose unbuild node_modules\mongoose-unique-validator\node_modules\lodash.get\node_modules\lodash._stringtopath
343 silly gentlyRm C:\Users\Julie\git\thesis\node_modules\mongoose-unique-validator\node_modules\lodash.get\node_modules\lodash._stringtopath is being purged from base C:\Users\Julie\git\thesis
344 verbose gentlyRm don't care about contents; nuking C:\Users\Julie\git\thesis\node_modules\mongoose-unique-validator\node_modules\lodash.get\node_modules\lodash._stringtopath
345 verbose tar unpack C:\Users\Julie\AppData\Roaming\npm-cache\lodash._stringtopath\4.7.0\package.tgz
346 verbose tar unpacking to C:\Users\Julie\git\thesis\node_modules\mongoose-unique-validator\node_modules\lodash.get\node_modules\lodash._stringtopath
347 silly gentlyRm C:\Users\Julie\git\thesis\node_modules\mongoose-unique-validator\node_modules\lodash.get\node_modules\lodash._stringtopath is being purged
348 verbose gentlyRm don't care about contents; nuking C:\Users\Julie\git\thesis\node_modules\mongoose-unique-validator\node_modules\lodash.get\node_modules\lodash._stringtopath
349 silly gunzTarPerm modes [ '777', '666' ]
350 silly gunzTarPerm extractEntry package.json
351 silly gunzTarPerm modified mode [ 'package.json', 420, 438 ]
352 silly gunzTarPerm extractEntry README.md
353 silly gunzTarPerm modified mode [ 'README.md', 420, 438 ]
354 silly gunzTarPerm extractEntry LICENSE
355 silly gunzTarPerm modified mode [ 'LICENSE', 420, 438 ]
356 silly gunzTarPerm extractEntry index.js
357 silly gunzTarPerm modified mode [ 'index.js', 420, 438 ]
358 verbose write writing to C:\Users\Julie\git\thesis\node_modules\mongoose-unique-validator\node_modules\lodash.get\node_modules\lodash._stringtopath\package.json
359 info preinstall lodash._stringtopath@4.7.0
360 verbose readDependencies loading dependencies from C:\Users\Julie\git\thesis\node_modules\mongoose-unique-validator\node_modules\lodash.get\node_modules\lodash._stringtopath\package.json
361 verbose readDependencies loading dependencies from C:\Users\Julie\git\thesis\node_modules\mongoose-unique-validator\node_modules\lodash.get\node_modules\lodash._stringtopath\package.json
362 silly install resolved []
363 verbose about to build C:\Users\Julie\git\thesis\node_modules\mongoose-unique-validator\node_modules\lodash.get\node_modules\lodash._stringtopath
364 info build C:\Users\Julie\git\thesis\node_modules\mongoose-unique-validator\node_modules\lodash.get\node_modules\lodash._stringtopath
365 info linkStuff lodash._stringtopath@4.7.0
366 silly linkStuff lodash._stringtopath@4.7.0 has C:\Users\Julie\git\thesis\node_modules\mongoose-unique-validator\node_modules\lodash.get\node_modules as its parent node_modules
367 verbose linkBins lodash._stringtopath@4.7.0
368 verbose linkMans lodash._stringtopath@4.7.0
369 verbose rebuildBundles lodash._stringtopath@4.7.0
370 info install lodash._stringtopath@4.7.0
371 info postinstall lodash._stringtopath@4.7.0
372 verbose unlock done using C:\Users\Julie\AppData\Roaming\npm-cache\_locks\lodash-stringtopath-7120999939327c95.lock for C:\Users\Julie\git\thesis\node_modules\mongoose-unique-validator\node_modules\lodash.get\node_modules\lodash._stringtopath
373 verbose about to build C:\Users\Julie\git\thesis\node_modules\mongoose-unique-validator\node_modules\lodash.get
374 info build C:\Users\Julie\git\thesis\node_modules\mongoose-unique-validator\node_modules\lodash.get
375 info linkStuff lodash.get@4.2.0
376 silly linkStuff lodash.get@4.2.0 has C:\Users\Julie\git\thesis\node_modules\mongoose-unique-validator\node_modules as its parent node_modules
377 verbose linkBins lodash.get@4.2.0
378 verbose linkMans lodash.get@4.2.0
379 verbose rebuildBundles lodash.get@4.2.0
380 verbose rebuildBundles [ 'lodash._stringtopath' ]
381 info install lodash.get@4.2.0
382 info postinstall lodash.get@4.2.0
383 verbose unlock done using C:\Users\Julie\AppData\Roaming\npm-cache\_locks\lodash-get-a46641742d47953a.lock for C:\Users\Julie\git\thesis\node_modules\mongoose-unique-validator\node_modules\lodash.get
384 http 200 https://registry.npmjs.org/lodash._baseiteratee
385 verbose headers { server: 'CouchDB/1.5.0 (Erlang OTP/R16B03)',
385 verbose headers   etag: '"1H7KN6WYS1ZXZK1DGSO7NA1Q2"',
385 verbose headers   'content-type': 'application/json',
385 verbose headers   'cache-control': 'max-age=300',
385 verbose headers   'content-length': '9683',
385 verbose headers   'accept-ranges': 'bytes',
385 verbose headers   date: 'Thu, 07 Apr 2016 19:44:15 GMT',
385 verbose headers   via: '1.1 varnish',
385 verbose headers   age: '0',
385 verbose headers   connection: 'keep-alive',
385 verbose headers   'x-served-by': 'cache-ams4131-AMS',
385 verbose headers   'x-cache': 'HIT',
385 verbose headers   'x-cache-hits': '1',
385 verbose headers   'x-timer': 'S1460058254.977870,VS0,VE681',
385 verbose headers   vary: 'Accept-Encoding' }
386 silly get cb [ 200,
386 silly get   { server: 'CouchDB/1.5.0 (Erlang OTP/R16B03)',
386 silly get     etag: '"1H7KN6WYS1ZXZK1DGSO7NA1Q2"',
386 silly get     'content-type': 'application/json',
386 silly get     'cache-control': 'max-age=300',
386 silly get     'content-length': '9683',
386 silly get     'accept-ranges': 'bytes',
386 silly get     date: 'Thu, 07 Apr 2016 19:44:15 GMT',
386 silly get     via: '1.1 varnish',
386 silly get     age: '0',
386 silly get     connection: 'keep-alive',
386 silly get     'x-served-by': 'cache-ams4131-AMS',
386 silly get     'x-cache': 'HIT',
386 silly get     'x-cache-hits': '1',
386 silly get     'x-timer': 'S1460058254.977870,VS0,VE681',
386 silly get     vary: 'Accept-Encoding' } ]
387 verbose get saving lodash._baseiteratee to C:\Users\Julie\AppData\Roaming\npm-cache\registry.npmjs.org\lodash._baseiteratee\.cache.json
388 silly addNameRange number 2 { name: 'lodash._baseiteratee',
388 silly addNameRange   range: '>=4.6.0 <4.7.0',
388 silly addNameRange   hasData: true }
389 silly addNameRange versions [ 'lodash._baseiteratee',
389 silly addNameRange   [ '4.4.0', '4.5.0', '4.5.1', '4.5.2', '4.6.0' ] ]
390 silly addNamed lodash._baseiteratee@4.6.0
391 verbose addNamed "4.6.0" is a plain semver version for lodash._baseiteratee
392 silly mapToRegistry name lodash._baseiteratee
393 silly mapToRegistry using default registry
394 silly mapToRegistry registry https://registry.npmjs.org/
395 silly mapToRegistry uri https://registry.npmjs.org/lodash._baseiteratee
396 verbose addRemoteTarball https://registry.npmjs.org/lodash._baseiteratee/-/lodash._baseiteratee-4.6.0.tgz not in flight; adding
397 verbose addRemoteTarball [ 'https://registry.npmjs.org/lodash._baseiteratee/-/lodash._baseiteratee-4.6.0.tgz',
397 verbose addRemoteTarball   '3b6cc3685b0cc7767cf90d1ecbe22168ce62847d' ]
398 info retry fetch attempt 1 at 21:44:15
399 info attempt registry request try #1 at 21:44:15
400 http fetch GET https://registry.npmjs.org/lodash._baseiteratee/-/lodash._baseiteratee-4.6.0.tgz
401 http fetch 200 https://registry.npmjs.org/lodash._baseiteratee/-/lodash._baseiteratee-4.6.0.tgz
402 silly fetchAndShaCheck shasum 3b6cc3685b0cc7767cf90d1ecbe22168ce62847d
403 verbose addTmpTarball C:\Users\Julie\AppData\Local\Temp\npm-4780-e6a421ac\registry.npmjs.org\lodash._baseiteratee\-\lodash._baseiteratee-4.6.0.tgz not in flight; adding
404 verbose addTmpTarball already have metadata; skipping unpack for lodash._baseiteratee@4.6.0
405 silly cache afterAdd lodash._baseiteratee@4.6.0
406 verbose afterAdd C:\Users\Julie\AppData\Roaming\npm-cache\lodash._baseiteratee\4.6.0\package\package.json not in flight; writing
407 verbose afterAdd C:\Users\Julie\AppData\Roaming\npm-cache\lodash._baseiteratee\4.6.0\package\package.json written
408 silly install resolved [ { name: 'lodash._baseeach',
408 silly install resolved     version: '4.1.2',
408 silly install resolved     description: 'The internal lodash function `baseEach` exported as a module.',
408 silly install resolved     homepage: 'https://lodash.com/',
408 silly install resolved     icon: 'https://lodash.com/icon.svg',
408 silly install resolved     license: 'MIT',
408 silly install resolved     author:
408 silly install resolved      { name: 'John-David Dalton',
408 silly install resolved        email: 'john.david.dalton@gmail.com',
408 silly install resolved        url: 'http://allyoucanleet.com/' },
408 silly install resolved     contributors: [ [Object], [Object], [Object] ],
408 silly install resolved     repository: { type: 'git', url: 'git+https://github.com/lodash/lodash.git' },
408 silly install resolved     scripts: { test: 'echo "See https://travis-ci.org/lodash/lodash-cli for testing details."' },
408 silly install resolved     bugs: { url: 'https://github.com/lodash/lodash/issues' },
408 silly install resolved     _id: 'lodash._baseeach@4.1.2',
408 silly install resolved     _shasum: '0b70613f3f750ddb4c09a9b3ebbcb7bbb4038e8d',
408 silly install resolved     _from: 'lodash._baseeach@>=4.1.0 <4.2.0',
408 silly install resolved     _npmVersion: '2.15.2',
408 silly install resolved     _nodeVersion: '5.9.1',
408 silly install resolved     _npmUser: { name: 'jdalton', email: 'john.david.dalton@gmail.com' },
408 silly install resolved     dist:
408 silly install resolved      { shasum: '0b70613f3f750ddb4c09a9b3ebbcb7bbb4038e8d',
408 silly install resolved        tarball: 'https://registry.npmjs.org/lodash._baseeach/-/lodash._baseeach-4.1.2.tgz' },
408 silly install resolved     maintainers: [ [Object], [Object], [Object] ],
408 silly install resolved     _npmOperationalInternal:
408 silly install resolved      { host: 'packages-12-west.internal.npmjs.com',
408 silly install resolved        tmp: 'tmp/lodash._baseeach-4.1.2.tgz_1459655203358_0.5105472467839718' },
408 silly install resolved     directories: {},
408 silly install resolved     _resolved: 'https://registry.npmjs.org/lodash._baseeach/-/lodash._baseeach-4.1.2.tgz' },
408 silly install resolved   { name: 'lodash._baseiteratee',
408 silly install resolved     version: '4.6.0',
408 silly install resolved     description: 'The internal lodash function `baseIteratee` exported as a module.',
408 silly install resolved     homepage: 'https://lodash.com/',
408 silly install resolved     icon: 'https://lodash.com/icon.svg',
408 silly install resolved     license: 'MIT',
408 silly install resolved     author:
408 silly install resolved      { name: 'John-David Dalton',
408 silly install resolved        email: 'john.david.dalton@gmail.com',
408 silly install resolved        url: 'http://allyoucanleet.com/' },
408 silly install resolved     contributors: [ [Object], [Object], [Object] ],
408 silly install resolved     repository: { type: 'git', url: 'git+https://github.com/lodash/lodash.git' },
408 silly install resolved     scripts: { test: 'echo "See https://travis-ci.org/lodash/lodash-cli for testing details."' },
408 silly install resolved     dependencies: { 'lodash._stringtopath': '~4.7.0' },
408 silly install resolved     bugs: { url: 'https://github.com/lodash/lodash/issues' },
408 silly install resolved     _id: 'lodash._baseiteratee@4.6.0',
408 silly install resolved     _shasum: '3b6cc3685b0cc7767cf90d1ecbe22168ce62847d',
408 silly install resolved     _from: 'lodash._baseiteratee@>=4.6.0 <4.7.0',
408 silly install resolved     _npmVersion: '2.15.2',
408 silly install resolved     _nodeVersion: '5.9.1',
408 silly install resolved     _npmUser: { name: 'jdalton', email: 'john.david.dalton@gmail.com' },
408 silly install resolved     dist:
408 silly install resolved      { shasum: '3b6cc3685b0cc7767cf90d1ecbe22168ce62847d',
408 silly install resolved        tarball: 'https://registry.npmjs.org/lodash._baseiteratee/-/lodash._baseiteratee-4.6.0.tgz' },
408 silly install resolved     maintainers: [ [Object], [Object], [Object] ],
408 silly install resolved     _npmOperationalInternal:
408 silly install resolved      { host: 'packages-12-west.internal.npmjs.com',
408 silly install resolved        tmp: 'tmp/lodash._baseiteratee-4.6.0.tgz_1459655214502_0.49455517274327576' },
408 silly install resolved     directories: {},
408 silly install resolved     _resolved: 'https://registry.npmjs.org/lodash._baseiteratee/-/lodash._baseiteratee-4.6.0.tgz' } ]
409 info install lodash._baseeach@4.1.2 into C:\Users\Julie\git\thesis\node_modules\mongoose-unique-validator\node_modules\lodash.foreach
410 info install lodash._baseiteratee@4.6.0 into C:\Users\Julie\git\thesis\node_modules\mongoose-unique-validator\node_modules\lodash.foreach
411 info installOne lodash._baseeach@4.1.2
412 verbose installOne of lodash._baseeach to C:\Users\Julie\git\thesis\node_modules\mongoose-unique-validator\node_modules\lodash.foreach not in flight; installing
413 info installOne lodash._baseiteratee@4.6.0
414 verbose installOne of lodash._baseiteratee to C:\Users\Julie\git\thesis\node_modules\mongoose-unique-validator\node_modules\lodash.foreach not in flight; installing
415 verbose lock using C:\Users\Julie\AppData\Roaming\npm-cache\_locks\lodash-baseeach-87d91af1aecf6d1e.lock for C:\Users\Julie\git\thesis\node_modules\mongoose-unique-validator\node_modules\lodash.foreach\node_modules\lodash._baseeach
416 silly install write writing lodash._baseeach 4.1.2 to C:\Users\Julie\git\thesis\node_modules\mongoose-unique-validator\node_modules\lodash.foreach\node_modules\lodash._baseeach
417 verbose lock using C:\Users\Julie\AppData\Roaming\npm-cache\_locks\lodash-baseiteratee-c44bf5f85aac1477.lock for C:\Users\Julie\git\thesis\node_modules\mongoose-unique-validator\node_modules\lodash.foreach\node_modules\lodash._baseiteratee
418 silly install write writing lodash._baseiteratee 4.6.0 to C:\Users\Julie\git\thesis\node_modules\mongoose-unique-validator\node_modules\lodash.foreach\node_modules\lodash._baseiteratee
419 verbose unbuild node_modules\mongoose-unique-validator\node_modules\lodash.foreach\node_modules\lodash._baseeach
420 verbose unbuild node_modules\mongoose-unique-validator\node_modules\lodash.foreach\node_modules\lodash._baseiteratee
421 silly gentlyRm C:\Users\Julie\git\thesis\node_modules\mongoose-unique-validator\node_modules\lodash.foreach\node_modules\lodash._baseeach is being purged from base C:\Users\Julie\git\thesis
422 verbose gentlyRm don't care about contents; nuking C:\Users\Julie\git\thesis\node_modules\mongoose-unique-validator\node_modules\lodash.foreach\node_modules\lodash._baseeach
423 verbose tar unpack C:\Users\Julie\AppData\Roaming\npm-cache\lodash._baseeach\4.1.2\package.tgz
424 verbose tar unpacking to C:\Users\Julie\git\thesis\node_modules\mongoose-unique-validator\node_modules\lodash.foreach\node_modules\lodash._baseeach
425 silly gentlyRm C:\Users\Julie\git\thesis\node_modules\mongoose-unique-validator\node_modules\lodash.foreach\node_modules\lodash._baseeach is being purged
426 verbose gentlyRm don't care about contents; nuking C:\Users\Julie\git\thesis\node_modules\mongoose-unique-validator\node_modules\lodash.foreach\node_modules\lodash._baseeach
427 silly gentlyRm C:\Users\Julie\git\thesis\node_modules\mongoose-unique-validator\node_modules\lodash.foreach\node_modules\lodash._baseiteratee is being purged from base C:\Users\Julie\git\thesis
428 verbose gentlyRm don't care about contents; nuking C:\Users\Julie\git\thesis\node_modules\mongoose-unique-validator\node_modules\lodash.foreach\node_modules\lodash._baseiteratee
429 silly gunzTarPerm modes [ '777', '666' ]
430 verbose tar unpack C:\Users\Julie\AppData\Roaming\npm-cache\lodash._baseiteratee\4.6.0\package.tgz
431 verbose tar unpacking to C:\Users\Julie\git\thesis\node_modules\mongoose-unique-validator\node_modules\lodash.foreach\node_modules\lodash._baseiteratee
432 silly gentlyRm C:\Users\Julie\git\thesis\node_modules\mongoose-unique-validator\node_modules\lodash.foreach\node_modules\lodash._baseiteratee is being purged
433 verbose gentlyRm don't care about contents; nuking C:\Users\Julie\git\thesis\node_modules\mongoose-unique-validator\node_modules\lodash.foreach\node_modules\lodash._baseiteratee
434 silly gunzTarPerm modes [ '777', '666' ]
435 silly gunzTarPerm extractEntry package.json
436 silly gunzTarPerm modified mode [ 'package.json', 420, 438 ]
437 silly gunzTarPerm extractEntry package.json
438 silly gunzTarPerm modified mode [ 'package.json', 420, 438 ]
439 silly gunzTarPerm extractEntry README.md
440 silly gunzTarPerm modified mode [ 'README.md', 420, 438 ]
441 silly gunzTarPerm extractEntry LICENSE
442 silly gunzTarPerm modified mode [ 'LICENSE', 420, 438 ]
443 silly gunzTarPerm extractEntry README.md
444 silly gunzTarPerm modified mode [ 'README.md', 420, 438 ]
445 silly gunzTarPerm extractEntry LICENSE
446 silly gunzTarPerm modified mode [ 'LICENSE', 420, 438 ]
447 silly gunzTarPerm extractEntry index.js
448 silly gunzTarPerm modified mode [ 'index.js', 420, 438 ]
449 silly gunzTarPerm extractEntry index.js
450 silly gunzTarPerm modified mode [ 'index.js', 420, 438 ]
451 verbose write writing to C:\Users\Julie\git\thesis\node_modules\mongoose-unique-validator\node_modules\lodash.foreach\node_modules\lodash._baseeach\package.json
452 info preinstall lodash._baseeach@4.1.2
453 verbose readDependencies loading dependencies from C:\Users\Julie\git\thesis\node_modules\mongoose-unique-validator\node_modules\lodash.foreach\node_modules\lodash._baseeach\package.json
454 verbose write writing to C:\Users\Julie\git\thesis\node_modules\mongoose-unique-validator\node_modules\lodash.foreach\node_modules\lodash._baseiteratee\package.json
455 info preinstall lodash._baseiteratee@4.6.0
456 verbose readDependencies loading dependencies from C:\Users\Julie\git\thesis\node_modules\mongoose-unique-validator\node_modules\lodash.foreach\node_modules\lodash._baseeach\package.json
457 verbose readDependencies loading dependencies from C:\Users\Julie\git\thesis\node_modules\mongoose-unique-validator\node_modules\lodash.foreach\node_modules\lodash._baseiteratee\package.json
458 silly install resolved []
459 verbose about to build C:\Users\Julie\git\thesis\node_modules\mongoose-unique-validator\node_modules\lodash.foreach\node_modules\lodash._baseeach
460 info build C:\Users\Julie\git\thesis\node_modules\mongoose-unique-validator\node_modules\lodash.foreach\node_modules\lodash._baseeach
461 silly prepareForInstallMany adding lodash._stringtopath@~4.7.0 from lodash._baseiteratee dependencies
462 verbose readDependencies loading dependencies from C:\Users\Julie\git\thesis\node_modules\mongoose-unique-validator\node_modules\lodash.foreach\node_modules\lodash._baseiteratee\package.json
463 info linkStuff lodash._baseeach@4.1.2
464 silly linkStuff lodash._baseeach@4.1.2 has C:\Users\Julie\git\thesis\node_modules\mongoose-unique-validator\node_modules\lodash.foreach\node_modules as its parent node_modules
465 verbose linkBins lodash._baseeach@4.1.2
466 verbose linkMans lodash._baseeach@4.1.2
467 verbose rebuildBundles lodash._baseeach@4.1.2
468 silly cache add args [ 'lodash._stringtopath@~4.7.0', null ]
469 verbose cache add spec lodash._stringtopath@~4.7.0
470 silly cache add parsed spec Result {
470 silly cache add   raw: 'lodash._stringtopath@~4.7.0',
470 silly cache add   scope: null,
470 silly cache add   name: 'lodash._stringtopath',
470 silly cache add   rawSpec: '~4.7.0',
470 silly cache add   spec: '>=4.7.0 <4.8.0',
470 silly cache add   type: 'range' }
471 silly addNamed lodash._stringtopath@>=4.7.0 <4.8.0
472 verbose addNamed ">=4.7.0 <4.8.0" is a valid semver range for lodash._stringtopath
473 silly addNameRange { name: 'lodash._stringtopath',
473 silly addNameRange   range: '>=4.7.0 <4.8.0',
473 silly addNameRange   hasData: false }
474 silly mapToRegistry name lodash._stringtopath
475 silly mapToRegistry using default registry
476 silly mapToRegistry registry https://registry.npmjs.org/
477 silly mapToRegistry uri https://registry.npmjs.org/lodash._stringtopath
478 verbose addNameRange registry:https://registry.npmjs.org/lodash._stringtopath not in flight; fetching
479 info install lodash._baseeach@4.1.2
480 info postinstall lodash._baseeach@4.1.2
481 verbose get https://registry.npmjs.org/lodash._stringtopath not expired, no request
482 silly addNameRange number 2 { name: 'lodash._stringtopath',
482 silly addNameRange   range: '>=4.7.0 <4.8.0',
482 silly addNameRange   hasData: true }
483 silly addNameRange versions [ 'lodash._stringtopath', [ '4.7.0' ] ]
484 silly addNamed lodash._stringtopath@4.7.0
485 verbose addNamed "4.7.0" is a plain semver version for lodash._stringtopath
486 verbose unlock done using C:\Users\Julie\AppData\Roaming\npm-cache\_locks\lodash-baseeach-87d91af1aecf6d1e.lock for C:\Users\Julie\git\thesis\node_modules\mongoose-unique-validator\node_modules\lodash.foreach\node_modules\lodash._baseeach
487 silly cache afterAdd lodash._stringtopath@4.7.0
488 verbose afterAdd C:\Users\Julie\AppData\Roaming\npm-cache\lodash._stringtopath\4.7.0\package\package.json not in flight; writing
489 verbose afterAdd C:\Users\Julie\AppData\Roaming\npm-cache\lodash._stringtopath\4.7.0\package\package.json written
490 silly install resolved [ { name: 'lodash._stringtopath',
490 silly install resolved     version: '4.7.0',
490 silly install resolved     description: 'The internal lodash function `stringToPath` exported as a module.',
490 silly install resolved     homepage: 'https://lodash.com/',
490 silly install resolved     icon: 'https://lodash.com/icon.svg',
490 silly install resolved     license: 'MIT',
490 silly install resolved     author:
490 silly install resolved      { name: 'John-David Dalton',
490 silly install resolved        email: 'john.david.dalton@gmail.com',
490 silly install resolved        url: 'http://allyoucanleet.com/' },
490 silly install resolved     contributors: [ [Object], [Object], [Object] ],
490 silly install resolved     repository: { type: 'git', url: 'git+https://github.com/lodash/lodash.git' },
490 silly install resolved     scripts: { test: 'echo "See https://travis-ci.org/lodash/lodash-cli for testing details."' },
490 silly install resolved     bugs: { url: 'https://github.com/lodash/lodash/issues' },
490 silly install resolved     _id: 'lodash._stringtopath@4.7.0',
490 silly install resolved     _shasum: '0d5b16f5c22331dc25b6feb3144c8530eb0d0109',
490 silly install resolved     _from: 'lodash._stringtopath@>=4.7.0 <4.8.0',
490 silly install resolved     _npmVersion: '2.15.2',
490 silly install resolved     _nodeVersion: '5.9.1',
490 silly install resolved     _npmUser: { name: 'jdalton', email: 'john.david.dalton@gmail.com' },
490 silly install resolved     dist:
490 silly install resolved      { shasum: '0d5b16f5c22331dc25b6feb3144c8530eb0d0109',
490 silly install resolved        tarball: 'https://registry.npmjs.org/lodash._stringtopath/-/lodash._stringtopath-4.7.0.tgz' },
490 silly install resolved     maintainers: [ [Object] ],
490 silly install resolved     _npmOperationalInternal:
490 silly install resolved      { host: 'packages-12-west.internal.npmjs.com',
490 silly install resolved        tmp: 'tmp/lodash._stringtopath-4.7.0.tgz_1459655238642_0.0859016696922481' },
490 silly install resolved     directories: {},
490 silly install resolved     _resolved: 'https://registry.npmjs.org/lodash._stringtopath/-/lodash._stringtopath-4.7.0.tgz',
490 silly install resolved     readme: 'ERROR: No README data found!' } ]
491 info install lodash._stringtopath@4.7.0 into C:\Users\Julie\git\thesis\node_modules\mongoose-unique-validator\node_modules\lodash.foreach\node_modules\lodash._baseiteratee
492 info installOne lodash._stringtopath@4.7.0
493 verbose installOne of lodash._stringtopath to C:\Users\Julie\git\thesis\node_modules\mongoose-unique-validator\node_modules\lodash.foreach\node_modules\lodash._baseiteratee not in flight; installing
494 verbose lock using C:\Users\Julie\AppData\Roaming\npm-cache\_locks\lodash-stringtopath-bad7cbe5a9cc96ff.lock for C:\Users\Julie\git\thesis\node_modules\mongoose-unique-validator\node_modules\lodash.foreach\node_modules\lodash._baseiteratee\node_modules\lodash._stringtopath
495 silly install write writing lodash._stringtopath 4.7.0 to C:\Users\Julie\git\thesis\node_modules\mongoose-unique-validator\node_modules\lodash.foreach\node_modules\lodash._baseiteratee\node_modules\lodash._stringtopath
496 verbose unbuild node_modules\mongoose-unique-validator\node_modules\lodash.foreach\node_modules\lodash._baseiteratee\node_modules\lodash._stringtopath
497 silly gentlyRm C:\Users\Julie\git\thesis\node_modules\mongoose-unique-validator\node_modules\lodash.foreach\node_modules\lodash._baseiteratee\node_modules\lodash._stringtopath is being purged from base C:\Users\Julie\git\thesis
498 verbose gentlyRm don't care about contents; nuking C:\Users\Julie\git\thesis\node_modules\mongoose-unique-validator\node_modules\lodash.foreach\node_modules\lodash._baseiteratee\node_modules\lodash._stringtopath
499 verbose tar unpack C:\Users\Julie\AppData\Roaming\npm-cache\lodash._stringtopath\4.7.0\package.tgz
500 verbose tar unpacking to C:\Users\Julie\git\thesis\node_modules\mongoose-unique-validator\node_modules\lodash.foreach\node_modules\lodash._baseiteratee\node_modules\lodash._stringtopath
501 silly gentlyRm C:\Users\Julie\git\thesis\node_modules\mongoose-unique-validator\node_modules\lodash.foreach\node_modules\lodash._baseiteratee\node_modules\lodash._stringtopath is being purged
502 verbose gentlyRm don't care about contents; nuking C:\Users\Julie\git\thesis\node_modules\mongoose-unique-validator\node_modules\lodash.foreach\node_modules\lodash._baseiteratee\node_modules\lodash._stringtopath
503 silly gunzTarPerm modes [ '777', '666' ]
504 silly gunzTarPerm extractEntry package.json
505 silly gunzTarPerm modified mode [ 'package.json', 420, 438 ]
506 silly gunzTarPerm extractEntry README.md
507 silly gunzTarPerm modified mode [ 'README.md', 420, 438 ]
508 silly gunzTarPerm extractEntry LICENSE
509 silly gunzTarPerm modified mode [ 'LICENSE', 420, 438 ]
510 silly gunzTarPerm extractEntry index.js
511 silly gunzTarPerm modified mode [ 'index.js', 420, 438 ]
512 verbose write writing to C:\Users\Julie\git\thesis\node_modules\mongoose-unique-validator\node_modules\lodash.foreach\node_modules\lodash._baseiteratee\node_modules\lodash._stringtopath\package.json
513 info preinstall lodash._stringtopath@4.7.0
514 verbose readDependencies loading dependencies from C:\Users\Julie\git\thesis\node_modules\mongoose-unique-validator\node_modules\lodash.foreach\node_modules\lodash._baseiteratee\node_modules\lodash._stringtopath\package.json
515 verbose readDependencies loading dependencies from C:\Users\Julie\git\thesis\node_modules\mongoose-unique-validator\node_modules\lodash.foreach\node_modules\lodash._baseiteratee\node_modules\lodash._stringtopath\package.json
516 silly install resolved []
517 verbose about to build C:\Users\Julie\git\thesis\node_modules\mongoose-unique-validator\node_modules\lodash.foreach\node_modules\lodash._baseiteratee\node_modules\lodash._stringtopath
518 info build C:\Users\Julie\git\thesis\node_modules\mongoose-unique-validator\node_modules\lodash.foreach\node_modules\lodash._baseiteratee\node_modules\lodash._stringtopath
519 info linkStuff lodash._stringtopath@4.7.0
520 silly linkStuff lodash._stringtopath@4.7.0 has C:\Users\Julie\git\thesis\node_modules\mongoose-unique-validator\node_modules\lodash.foreach\node_modules\lodash._baseiteratee\node_modules as its parent node_modules
521 verbose linkBins lodash._stringtopath@4.7.0
522 verbose linkMans lodash._stringtopath@4.7.0
523 verbose rebuildBundles lodash._stringtopath@4.7.0
524 info install lodash._stringtopath@4.7.0
525 info postinstall lodash._stringtopath@4.7.0
526 verbose unlock done using C:\Users\Julie\AppData\Roaming\npm-cache\_locks\lodash-stringtopath-bad7cbe5a9cc96ff.lock for C:\Users\Julie\git\thesis\node_modules\mongoose-unique-validator\node_modules\lodash.foreach\node_modules\lodash._baseiteratee\node_modules\lodash._stringtopath
527 verbose about to build C:\Users\Julie\git\thesis\node_modules\mongoose-unique-validator\node_modules\lodash.foreach\node_modules\lodash._baseiteratee
528 info build C:\Users\Julie\git\thesis\node_modules\mongoose-unique-validator\node_modules\lodash.foreach\node_modules\lodash._baseiteratee
529 info linkStuff lodash._baseiteratee@4.6.0
530 silly linkStuff lodash._baseiteratee@4.6.0 has C:\Users\Julie\git\thesis\node_modules\mongoose-unique-validator\node_modules\lodash.foreach\node_modules as its parent node_modules
531 verbose linkBins lodash._baseiteratee@4.6.0
532 verbose linkMans lodash._baseiteratee@4.6.0
533 verbose rebuildBundles lodash._baseiteratee@4.6.0
534 verbose rebuildBundles [ 'lodash._stringtopath' ]
535 info install lodash._baseiteratee@4.6.0
536 info postinstall lodash._baseiteratee@4.6.0
537 verbose unlock done using C:\Users\Julie\AppData\Roaming\npm-cache\_locks\lodash-baseiteratee-c44bf5f85aac1477.lock for C:\Users\Julie\git\thesis\node_modules\mongoose-unique-validator\node_modules\lodash.foreach\node_modules\lodash._baseiteratee
538 verbose about to build C:\Users\Julie\git\thesis\node_modules\mongoose-unique-validator\node_modules\lodash.foreach
539 info build C:\Users\Julie\git\thesis\node_modules\mongoose-unique-validator\node_modules\lodash.foreach
540 info linkStuff lodash.foreach@4.2.0
541 silly linkStuff lodash.foreach@4.2.0 has C:\Users\Julie\git\thesis\node_modules\mongoose-unique-validator\node_modules as its parent node_modules
542 verbose linkBins lodash.foreach@4.2.0
543 verbose linkMans lodash.foreach@4.2.0
544 verbose rebuildBundles lodash.foreach@4.2.0
545 verbose rebuildBundles [ 'lodash._baseeach', 'lodash._baseiteratee' ]
546 info install lodash.foreach@4.2.0
547 info postinstall lodash.foreach@4.2.0
548 verbose unlock done using C:\Users\Julie\AppData\Roaming\npm-cache\_locks\lodash-foreach-a241a4455adc49db.lock for C:\Users\Julie\git\thesis\node_modules\mongoose-unique-validator\node_modules\lodash.foreach
549 verbose about to build C:\Users\Julie\git\thesis\node_modules\mongoose-unique-validator
550 info build C:\Users\Julie\git\thesis\node_modules\mongoose-unique-validator
551 info linkStuff mongoose-unique-validator@1.0.2
552 silly linkStuff mongoose-unique-validator@1.0.2 has C:\Users\Julie\git\thesis\node_modules as its parent node_modules
553 verbose linkBins mongoose-unique-validator@1.0.2
554 verbose linkMans mongoose-unique-validator@1.0.2
555 verbose rebuildBundles mongoose-unique-validator@1.0.2
556 verbose rebuildBundles [ 'lodash.foreach', 'lodash.get' ]
557 info install mongoose-unique-validator@1.0.2
558 info postinstall mongoose-unique-validator@1.0.2
559 verbose readDependencies loading dependencies from C:\Users\Julie\git\thesis\package.json
560 verbose targetResolver reading package data from C:\Users\Julie\git\thesis\node_modules\async\package.json
561 verbose targetResolver reading package data from C:\Users\Julie\git\thesis\node_modules\body-parser\package.json
562 verbose targetResolver reading package data from C:\Users\Julie\git\thesis\node_modules\consolidate\package.json
563 verbose targetResolver reading package data from C:\Users\Julie\git\thesis\node_modules\ejs\package.json
564 verbose targetResolver reading package data from C:\Users\Julie\git\thesis\node_modules\express\package.json
565 verbose targetResolver reading package data from C:\Users\Julie\git\thesis\node_modules\fs\package.json
566 verbose targetResolver reading package data from C:\Users\Julie\git\thesis\node_modules\mongoose\package.json
567 verbose targetResolver reading package data from C:\Users\Julie\git\thesis\node_modules\mongoose-unique-validator\package.json
568 verbose targetResolver reading package data from C:\Users\Julie\git\thesis\node_modules\underscore\package.json
569 verbose targetResolver reading package data from C:\Users\Julie\git\thesis\node_modules\.bin\express\package.json
570 verbose targetResolver reading package data from C:\Users\Julie\git\thesis\node_modules\.bin\express.cmd\package.json
571 verbose already installed skipping mongoose@^4.2.8 C:\Users\Julie\git\thesis
572 silly install resolved []
573 verbose unlock done using C:\Users\Julie\AppData\Roaming\npm-cache\_locks\mongoose-unique-validato-198e06ff95f5f7c9.lock for C:\Users\Julie\git\thesis\node_modules\mongoose-unique-validator
574 verbose validateInstall loading C:\Users\Julie\git\thesis\package.json for validation
575 verbose stack Error: The package mongoose@3.6.20 does not satisfy its siblings' peerDependencies requirements!
575 verbose stack     at C:\Program Files\Programmation\nodejs\node_modules\npm\lib\install.js:125:32
575 verbose stack     at C:\Program Files\Programmation\nodejs\node_modules\npm\lib\install.js:268:7
575 verbose stack     at C:\Program Files\Programmation\nodejs\node_modules\npm\node_modules\read-installed\read-installed.js:142:5
575 verbose stack     at C:\Program Files\Programmation\nodejs\node_modules\npm\node_modules\read-installed\read-installed.js:263:14
575 verbose stack     at cb (C:\Program Files\Programmation\nodejs\node_modules\npm\node_modules\slide\lib\async-map.js:47:24)
575 verbose stack     at C:\Program Files\Programmation\nodejs\node_modules\npm\node_modules\read-installed\read-installed.js:263:14
575 verbose stack     at cb (C:\Program Files\Programmation\nodejs\node_modules\npm\node_modules\slide\lib\async-map.js:47:24)
575 verbose stack     at C:\Program Files\Programmation\nodejs\node_modules\npm\node_modules\read-installed\read-installed.js:263:14
575 verbose stack     at cb (C:\Program Files\Programmation\nodejs\node_modules\npm\node_modules\slide\lib\async-map.js:47:24)
575 verbose stack     at C:\Program Files\Programmation\nodejs\node_modules\npm\node_modules\read-installed\read-installed.js:263:14
576 verbose cwd C:\Users\Julie\git\thesis
577 error Windows_NT 6.2.9200
578 error argv "C:\\Program Files\\Programmation\\nodejs\\node.exe" "C:\\Program Files\\Programmation\\nodejs\\node_modules\\npm\\bin\\npm-cli.js" "install" "mongoose-unique-validator"
579 error node v4.2.2
580 error npm  v2.14.7
581 error code EPEERINVALID
582 error peerinvalid The package mongoose@3.6.20 does not satisfy its siblings' peerDependencies requirements!
582 error peerinvalid Peer mongoose-unique-validator@1.0.2 wants mongoose@^4.2.8
583 verbose exit [ 1, true ]
